<?xml version="1.0" encoding="UTF-8"?>
<!-- Generated by org.testng.reporters.JUnitReportReporter -->
<testsuite skipped="0" hostname="DESKTOP-987SG1D" name="com.amazon.qa.base.demo2" tests="1" failures="0" timestamp="2021-06-14T21:54:05 IST" time="34.676" errors="0">
  <testcase name="sum" time="34.676" classname="com.amazon.qa.base.demo2"/>
  <system-out/>
</testsuite> <!-- com.amazon.qa.base.demo2 -->
