<?xml version="1.0" encoding="UTF-8"?>
<!-- Generated by org.testng.reporters.JUnitReportReporter -->
<testsuite skipped="0" hostname="DESKTOP-987SG1D" name="com.wordpress.qa.testcases.LoginPageTest" tests="1" failures="0" timestamp="2021-07-18T23:03:51 IST" time="47.754" errors="0">
  <testcase name="loginTest" time="47.754" classname="com.wordpress.qa.testcases.LoginPageTest"/>
  <system-out/>
</testsuite> <!-- com.wordpress.qa.testcases.LoginPageTest -->
